2021/03/08 06:07:39 [stderr] 1288: nginx: 成功延迟回收连接
2021/03/08 06:07:39 [stderr] 1289: nginx: 成功延迟回收连接
2021/03/08 06:07:39 [stderr] 1291: nginx: 成功延迟回收连接
2021/03/08 06:07:39 [stderr] 1291: nginx: 成功延迟回收连接
2021/03/08 06:07:39 [stderr] 1289: nginx: 成功延迟回收连接
2021/03/08 06:07:39 [stderr] 1288: nginx: 成功延迟回收连接
2021/03/08 06:07:39 [stderr] 1291: nginx: 成功延迟回收连接
2021/03/08 06:07:39 [stderr] 1289: nginx: 成功延迟回收连接
2021/03/08 06:07:39 [stderr] 1290: nginx: 成功延迟回收连接
2021/03/08 06:07:39 [stderr] 1290: nginx: 成功延迟回收连接
2021/03/08 06:08:00 [stderr] 1289: nginx: -------------------- ServerStatus --------------------
当前在线人数:5 回收池连接数:0 空闲池大小:2042 连接池容量:2048
当前发消息队列大小:0 收消息队列大小:0 丢弃待发包数:0
2021/03/08 06:08:00 [stderr] 1290: nginx: -------------------- ServerStatus --------------------
当前在线人数:2 回收池连接数:0 空闲池大小:2045 连接池容量:2048
当前发消息队列大小:0 收消息队列大小:0 丢弃待发包数:0
2021/03/08 06:08:00 [stderr] 1288: nginx: -------------------- ServerStatus --------------------
当前在线人数:1 回收池连接数:0 空闲池大小:2046 连接池容量:2048
当前发消息队列大小:0 收消息队列大小:0 丢弃待发包数:0
2021/03/08 06:08:00 [stderr] 1291: nginx: -------------------- ServerStatus --------------------
当前在线人数:1 回收池连接数:0 空闲池大小:2046 连接池容量:2048
当前发消息队列大小:0 收消息队列大小:0 丢弃待发包数:0
2021/03/08 06:08:12 [stderr] 1289: nginx: 连接被客户端非正常关闭！
2021/03/08 06:08:12 [stderr] 1289: nginx: 入延迟回收队列
2021/03/08 06:08:12 [stderr] 1290: nginx: 连接被客户端非正常关闭！
2021/03/08 06:08:12 [stderr] 1289: nginx: 连接被客户端非正常关闭！
2021/03/08 06:08:12 [stderr] 1290: nginx: 入延迟回收队列
2021/03/08 06:08:12 [stderr] 1289: nginx: 入延迟回收队列
2021/03/08 06:08:12 [stderr] 1288: nginx: 连接被客户端非正常关闭！
2021/03/08 06:08:12 [stderr] 1290: nginx: -------------------- ServerStatus --------------------
当前在线人数:4 回收池连接数:1 空闲池大小:2042 连接池容量:2048
当前发消息队列大小:0 收消息队列大小:0 丢弃待发包数:0
2021/03/08 06:08:12 [stderr] 1289: nginx: -------------------- ServerStatus --------------------
当前在线人数:5 回收池连接数:2 空闲池大小:2040 连接池容量:2048
当前发消息队列大小:0 收消息队列大小:0 丢弃待发包数:0
2021/03/08 06:08:12 [stderr] 1290: nginx: 连接被客户端非正常关闭！
2021/03/08 06:08:12 [stderr] 1290: nginx: 入延迟回收队列
2021/03/08 06:08:12 [stderr] 1291: nginx: 连接被客户端非正常关闭！
2021/03/08 06:08:12 [stderr] 1291: nginx: 入延迟回收队列
2021/03/08 06:08:12 [stderr] 1291: nginx: -------------------- ServerStatus --------------------
当前在线人数:0 回收池连接数:1 空闲池大小:2046 连接池容量:2048
当前发消息队列大小:0 收消息队列大小:0 丢弃待发包数:0
2021/03/08 06:08:12 [stderr] 1290: nginx: 连接被客户端非正常关闭！
2021/03/08 06:08:12 [stderr] 1290: nginx: 入延迟回收队列
2021/03/08 06:08:12 [stderr] 1290: nginx: 连接被客户端非正常关闭！
2021/03/08 06:08:12 [stderr] 1290: nginx: 入延迟回收队列
2021/03/08 06:08:12 [stderr] 1289: nginx: 连接被客户端非正常关闭！
2021/03/08 06:08:12 [stderr] 1288: nginx: 入延迟回收队列
2021/03/08 06:08:12 [stderr] 1289: nginx: 入延迟回收队列
2021/03/08 06:08:12 [stderr] 1288: nginx: -------------------- ServerStatus --------------------
当前在线人数:1 回收池连接数:1 空闲池大小:2045 连接池容量:2048
当前发消息队列大小:0 收消息队列大小:0 丢弃待发包数:0
2021/03/08 06:08:12 [stderr] 1288: nginx: 连接被客户端非正常关闭！
2021/03/08 06:08:12 [stderr] 1288: nginx: 入延迟回收队列
2021/03/08 06:09:12 [stderr] 1289: nginx: 成功延迟回收连接
2021/03/08 06:09:12 [stderr] 1290: nginx: 成功延迟回收连接
2021/03/08 06:09:12 [stderr] 1291: nginx: 成功延迟回收连接
2021/03/08 06:09:12 [stderr] 1289: nginx: 成功延迟回收连接
2021/03/08 06:09:12 [stderr] 1290: nginx: 成功延迟回收连接
2021/03/08 06:09:12 [stderr] 1289: nginx: 成功延迟回收连接
2021/03/08 06:09:12 [stderr] 1290: nginx: 成功延迟回收连接
2021/03/08 06:09:12 [stderr] 1290: nginx: 成功延迟回收连接
2021/03/08 06:09:12 [stderr] 1288: nginx: 成功延迟回收连接
2021/03/08 06:09:12 [stderr] 1288: nginx: 成功延迟回收连接
2021/03/08 06:09:20 [stderr] 1288: nginx: -------------------- ServerStatus --------------------
当前在线人数:1 回收池连接数:0 空闲池大小:2046 连接池容量:2048
当前发消息队列大小:0 收消息队列大小:0 丢弃待发包数:0
2021/03/08 06:09:20 [stderr] 1289: nginx: -------------------- ServerStatus --------------------
当前在线人数:5 回收池连接数:0 空闲池大小:2042 连接池容量:2048
当前发消息队列大小:0 收消息队列大小:0 丢弃待发包数:0
2021/03/08 06:09:20 [stderr] 1291: nginx: -------------------- ServerStatus --------------------
当前在线人数:1 回收池连接数:0 空闲池大小:2046 连接池容量:2048
当前发消息队列大小:0 收消息队列大小:0 丢弃待发包数:0
2021/03/08 06:09:20 [stderr] 1290: nginx: -------------------- ServerStatus --------------------
当前在线人数:2 回收池连接数:0 空闲池大小:2045 连接池容量:2048
当前发消息队列大小:0 收消息队列大小:0 丢弃待发包数:0
2021/03/08 06:09:58 [stderr] 1288: nginx: 连接被客户端非正常关闭！
2021/03/08 06:09:58 [stderr] 1291: nginx: 连接被客户端非正常关闭！
2021/03/08 06:09:58 [stderr] 1289: nginx: 连接被客户端非正常关闭！
2021/03/08 06:09:58 [stderr] 1291: nginx: 入延迟回收队列
2021/03/08 06:09:58 [stderr] 1288: nginx: 入延迟回收队列
2021/03/08 06:09:58 [stderr] 1289: nginx: 入延迟回收队列
2021/03/08 06:09:58 [stderr] 1290: nginx: 连接被客户端非正常关闭！
2021/03/08 06:09:58 [stderr] 1288: nginx: 连接被客户端非正常关闭！
2021/03/08 06:09:58 [stderr] 1291: nginx: -------------------- ServerStatus --------------------
当前在线人数:2 回收池连接数:1 空闲池大小:2044 连接池容量:2048
当前发消息队列大小:0 收消息队列大小:0 丢弃待发包数:0
2021/03/08 06:09:58 [stderr] 1289: nginx: 连接被客户端非正常关闭！
2021/03/08 06:09:58 [stderr] 1288: nginx: 入延迟回收队列
2021/03/08 06:09:58 [stderr] 1290: nginx: 入延迟回收队列
2021/03/08 06:09:58 [stderr] 1289: nginx: 入延迟回收队列
2021/03/08 06:09:58 [stderr] 1290: nginx: -------------------- ServerStatus --------------------
当前在线人数:2 回收池连接数:1 空闲池大小:2044 连接池容量:2048
当前发消息队列大小:0 收消息队列大小:0 丢弃待发包数:0
2021/03/08 06:09:58 [stderr] 1289: nginx: -------------------- ServerStatus --------------------
当前在线人数:5 回收池连接数:2 空闲池大小:2040 连接池容量:2048
当前发消息队列大小:0 收消息队列大小:0 丢弃待发包数:0
2021/03/08 06:09:58 [stderr] 1291: nginx: 连接被客户端非正常关闭！
2021/03/08 06:09:58 [stderr] 1291: nginx: 入延迟回收队列
2021/03/08 06:09:58 [stderr] 1291: nginx: 连接被客户端非正常关闭！
2021/03/08 06:09:58 [stderr] 1291: nginx: 入延迟回收队列
2021/03/08 06:09:58 [stderr] 1290: nginx: 连接被客户端非正常关闭！
2021/03/08 06:09:58 [stderr] 1289: nginx: 连接被客户端非正常关闭！
2021/03/08 06:09:58 [stderr] 1289: nginx: 入延迟回收队列
2021/03/08 06:09:58 [stderr] 1290: nginx: 入延迟回收队列
2021/03/08 06:09:58 [stderr] 1288: nginx: -------------------- ServerStatus --------------------
当前在线人数:0 回收池连接数:2 空闲池大小:2045 连接池容量:2048
当前发消息队列大小:0 收消息队列大小:0 丢弃待发包数:0
2021/03/08 06:10:25 [stderr] 1289: nginx: -------------------- ServerStatus --------------------
当前在线人数:5 回收池连接数:3 空闲池大小:2039 连接池容量:2048
当前发消息队列大小:0 收消息队列大小:0 丢弃待发包数:0
2021/03/08 06:10:25 [stderr] 1291: nginx: -------------------- ServerStatus --------------------
当前在线人数:1 回收池连接数:3 空闲池大小:2043 连接池容量:2048
当前发消息队列大小:0 收消息队列大小:0 丢弃待发包数:0
2021/03/08 06:10:25 [stderr] 1288: nginx: -------------------- ServerStatus --------------------
当前在线人数:1 回收池连接数:2 空闲池大小:2044 连接池容量:2048
当前发消息队列大小:0 收消息队列大小:0 丢弃待发包数:0
2021/03/08 06:10:25 [stderr] 1290: nginx: -------------------- ServerStatus --------------------
当前在线人数:2 回收池连接数:2 空闲池大小:2043 连接池容量:2048
当前发消息队列大小:0 收消息队列大小:0 丢弃待发包数:0
2021/03/08 06:10:35 [stderr] 1288: nginx: -------------------- ServerStatus --------------------
当前在线人数:2 回收池连接数:2 空闲池大小:2043 连接池容量:2048
当前发消息队列大小:0 收消息队列大小:0 丢弃待发包数:0
2021/03/08 06:10:35 [stderr] 1291: nginx: -------------------- ServerStatus --------------------
当前在线人数:3 回收池连接数:3 空闲池大小:2041 连接池容量:2048
当前发消息队列大小:0 收消息队列大小:0 丢弃待发包数:0
2021/03/08 06:10:35 [stderr] 1289: nginx: -------------------- ServerStatus --------------------
当前在线人数:7 回收池连接数:3 空闲池大小:2037 连接池容量:2048
当前发消息队列大小:0 收消息队列大小:0 丢弃待发包数:0
2021/03/08 06:10:35 [stderr] 1290: nginx: -------------------- ServerStatus --------------------
当前在线人数:3 回收池连接数:2 空闲池大小:2042 连接池容量:2048
当前发消息队列大小:0 收消息队列大小:0 丢弃待发包数:0
2021/03/08 06:10:45 [stderr] 1290: nginx: -------------------- ServerStatus --------------------
当前在线人数:3 回收池连接数:2 空闲池大小:2042 连接池容量:2048
当前发消息队列大小:0 收消息队列大小:0 丢弃待发包数:0
2021/03/08 06:10:45 [stderr] 1288: nginx: -------------------- ServerStatus --------------------
当前在线人数:2 回收池连接数:2 空闲池大小:2043 连接池容量:2048
当前发消息队列大小:0 收消息队列大小:0 丢弃待发包数:0
2021/03/08 06:10:45 [stderr] 1291: nginx: -------------------- ServerStatus --------------------
当前在线人数:3 回收池连接数:3 空闲池大小:2041 连接池容量:2048
当前发消息队列大小:0 收消息队列大小:0 丢弃待发包数:0
2021/03/08 06:10:45 [stderr] 1289: nginx: -------------------- ServerStatus --------------------
当前在线人数:7 回收池连接数:3 空闲池大小:2037 连接池容量:2048
当前发消息队列大小:0 收消息队列大小:0 丢弃待发包数:0
2021/03/08 06:10:55 [stderr] 1291: nginx: -------------------- ServerStatus --------------------
当前在线人数:3 回收池连接数:3 空闲池大小:2041 连接池容量:2048
当前发消息队列大小:0 收消息队列大小:0 丢弃待发包数:0
2021/03/08 06:10:55 [stderr] 1289: nginx: -------------------- ServerStatus --------------------
当前在线人数:7 回收池连接数:3 空闲池大小:2037 连接池容量:2048
当前发消息队列大小:0 收消息队列大小:0 丢弃待发包数:0
2021/03/08 06:10:55 [stderr] 1288: nginx: -------------------- ServerStatus --------------------
当前在线人数:2 回收池连接数:2 空闲池大小:2043 连接池容量:2048
当前发消息队列大小:0 收消息队列大小:0 丢弃待发包数:0
2021/03/08 06:10:55 [stderr] 1290: nginx: -------------------- ServerStatus --------------------
当前在线人数:3 回收池连接数:2 空闲池大小:2042 连接池容量:2048
当前发消息队列大小:0 收消息队列大小:0 丢弃待发包数:0
2021/03/08 06:10:58 [stderr] 1289: nginx: 成功延迟回收连接
2021/03/08 06:10:58 [stderr] 1289: nginx: 成功延迟回收连接
2021/03/08 06:10:58 [stderr] 1289: nginx: 成功延迟回收连接
2021/03/08 06:10:58 [stderr] 1291: nginx: 成功延迟回收连接
2021/03/08 06:10:58 [stderr] 1291: nginx: 成功延迟回收连接
2021/03/08 06:10:58 [stderr] 1291: nginx: 成功延迟回收连接
2021/03/08 06:10:58 [stderr] 1288: nginx: 成功延迟回收连接
2021/03/08 06:10:58 [stderr] 1288: nginx: 成功延迟回收连接
2021/03/08 06:10:58 [stderr] 1290: nginx: 成功延迟回收连接
2021/03/08 06:10:58 [stderr] 1290: nginx: 成功延迟回收连接
2021/03/08 06:11:05 [stderr] 1288: nginx: -------------------- ServerStatus --------------------
当前在线人数:2 回收池连接数:0 空闲池大小:2045 连接池容量:2048
当前发消息队列大小:0 收消息队列大小:0 丢弃待发包数:0
2021/03/08 06:11:05 [stderr] 1291: nginx: -------------------- ServerStatus --------------------
当前在线人数:3 回收池连接数:0 空闲池大小:2044 连接池容量:2048
当前发消息队列大小:0 收消息队列大小:0 丢弃待发包数:0
2021/03/08 06:11:05 [stderr] 1289: nginx: -------------------- ServerStatus --------------------
当前在线人数:7 回收池连接数:0 空闲池大小:2040 连接池容量:2048
当前发消息队列大小:0 收消息队列大小:0 丢弃待发包数:0
2021/03/08 06:11:05 [stderr] 1290: nginx: -------------------- ServerStatus --------------------
当前在线人数:3 回收池连接数:0 空闲池大小:2044 连接池容量:2048
当前发消息队列大小:0 收消息队列大小:0 丢弃待发包数:0
2021/03/08 06:11:08 [stderr] 1289: nginx: 连接被客户端非正常关闭！
2021/03/08 06:11:08 [stderr] 1289: nginx: 入延迟回收队列
2021/03/08 06:11:08 [stderr] 1289: nginx: 连接被客户端非正常关闭！
2021/03/08 06:11:08 [stderr] 1289: nginx: 入延迟回收队列
2021/03/08 06:11:08 [stderr] 1289: nginx: 连接被客户端非正常关闭！
2021/03/08 06:11:08 [stderr] 1289: nginx: 入延迟回收队列
2021/03/08 06:11:08 [stderr] 1290: nginx: 连接被客户端非正常关闭！
2021/03/08 06:11:08 [stderr] 1290: nginx: 入延迟回收队列
2021/03/08 06:11:08 [stderr] 1290: nginx: 连接被客户端非正常关闭！
2021/03/08 06:11:08 [stderr] 1290: nginx: 入延迟回收队列
2021/03/08 06:11:08 [stderr] 1291: nginx: 连接被客户端非正常关闭！
2021/03/08 06:11:08 [stderr] 1288: nginx: 连接被客户端非正常关闭！
2021/03/08 06:11:08 [stderr] 1291: nginx: 入延迟回收队列
2021/03/08 06:11:08 [stderr] 1288: nginx: 入延迟回收队列
2021/03/08 06:11:08 [stderr] 1288: nginx: 连接被客户端非正常关闭！
2021/03/08 06:11:08 [stderr] 1288: nginx: 入延迟回收队列
2021/03/08 06:11:08 [stderr] 1291: nginx: 连接被客户端非正常关闭！
2021/03/08 06:11:08 [stderr] 1291: nginx: 入延迟回收队列
2021/03/08 06:11:08 [stderr] 1291: nginx: 连接被客户端非正常关闭！
2021/03/08 06:11:08 [stderr] 1291: nginx: 入延迟回收队列
2021/03/08 06:12:08 [stderr] 1290: nginx: 成功延迟回收连接
2021/03/08 06:12:08 [stderr] 1290: nginx: 成功延迟回收连接
2021/03/08 06:12:08 [stderr] 1291: nginx: 成功延迟回收连接
2021/03/08 06:12:08 [stderr] 1291: nginx: 成功延迟回收连接
2021/03/08 06:12:08 [stderr] 1291: nginx: 成功延迟回收连接
2021/03/08 06:12:08 [stderr] 1288: nginx: 成功延迟回收连接
2021/03/08 06:12:08 [stderr] 1288: nginx: 成功延迟回收连接
2021/03/08 06:12:08 [stderr] 1289: nginx: 成功延迟回收连接
2021/03/08 06:12:08 [stderr] 1289: nginx: 成功延迟回收连接
2021/03/08 06:12:08 [stderr] 1289: nginx: 成功延迟回收连接
